{"t":{"$date":"2022-03-20T17:43:16.025+07:00"},"s":"I",  "c":"NETWORK",  "id":4915701, "ctx":"main","msg":"Initialized wire specification","attr":{"spec":{"incomingExternalClient":{"minWireVersion":0,"maxWireVersion":13},"incomingInternalClient":{"minWireVersion":0,"maxWireVersion":13},"outgoing":{"minWireVersion":0,"maxWireVersion":13},"isInternalClient":true}}}
{"t":{"$date":"2022-03-20T17:43:16.033+07:00"},"s":"I",  "c":"CONTROL",  "id":23285,   "ctx":"main","msg":"Automatically disabling TLS 1.0, to force-enable TLS 1.0 specify --sslDisabledProtocols 'none'"}
{"t":{"$date":"2022-03-20T17:43:16.037+07:00"},"s":"W",  "c":"ASIO",     "id":22601,   "ctx":"main","msg":"No TransportLayer configured during NetworkInterface startup"}
{"t":{"$date":"2022-03-20T17:43:16.039+07:00"},"s":"I",  "c":"NETWORK",  "id":4648602, "ctx":"main","msg":"Implicit TCP FastOpen in use."}
{"t":{"$date":"2022-03-20T17:43:16.059+07:00"},"s":"W",  "c":"ASIO",     "id":22601,   "ctx":"main","msg":"No TransportLayer configured during NetworkInterface startup"}
{"t":{"$date":"2022-03-20T17:43:16.060+07:00"},"s":"I",  "c":"REPL",     "id":5123008, "ctx":"main","msg":"Successfully registered PrimaryOnlyService","attr":{"service":"TenantMigrationDonorService","ns":"config.tenantMigrationDonors"}}
{"t":{"$date":"2022-03-20T17:43:16.061+07:00"},"s":"I",  "c":"REPL",     "id":5123008, "ctx":"main","msg":"Successfully registered PrimaryOnlyService","attr":{"service":"TenantMigrationRecipientService","ns":"config.tenantMigrationRecipients"}}
{"t":{"$date":"2022-03-20T17:43:16.061+07:00"},"s":"I",  "c":"CONTROL",  "id":5945603, "ctx":"main","msg":"Multi threading initialized"}
{"t":{"$date":"2022-03-20T17:43:16.062+07:00"},"s":"I",  "c":"CONTROL",  "id":23316,   "ctx":"main","msg":"Trying to start Windows service","attr":{"serviceName":"MongoDB"}}
{"t":{"$date":"2022-03-20T17:43:16.077+07:00"},"s":"I",  "c":"CONTROL",  "id":4615611, "ctx":"initandlisten","msg":"MongoDB starting","attr":{"pid":2784,"port":27017,"dbPath":"F:/Mongo/data","architecture":"64-bit","host":"THUHUONG"}}
{"t":{"$date":"2022-03-20T17:43:16.077+07:00"},"s":"I",  "c":"CONTROL",  "id":23398,   "ctx":"initandlisten","msg":"Target operating system minimum version","attr":{"targetMinOS":"Windows 7/Windows Server 2008 R2"}}
{"t":{"$date":"2022-03-20T17:43:16.078+07:00"},"s":"I",  "c":"CONTROL",  "id":23403,   "ctx":"initandlisten","msg":"Build Info","attr":{"buildInfo":{"version":"5.0.6","gitVersion":"212a8dbb47f07427dae194a9c75baec1d81d9259","modules":[],"allocator":"tcmalloc","environment":{"distmod":"windows","distarch":"x86_64","target_arch":"x86_64"}}}}
{"t":{"$date":"2022-03-20T17:43:16.078+07:00"},"s":"I",  "c":"CONTROL",  "id":51765,   "ctx":"initandlisten","msg":"Operating System","attr":{"os":{"name":"Microsoft Windows 10","version":"10.0 (build 22000)"}}}
{"t":{"$date":"2022-03-20T17:43:16.078+07:00"},"s":"I",  "c":"CONTROL",  "id":21951,   "ctx":"initandlisten","msg":"Options set by command line","attr":{"options":{"config":"F:\\Mongo\\bin\\mongod.cfg","net":{"bindIp":"127.0.0.1","port":27017},"service":true,"storage":{"dbPath":"F:\\Mongo\\data","journal":{"enabled":true}},"systemLog":{"destination":"file","logAppend":true,"path":"F:\\Mongo\\log\\mongod.log"}}}}
{"t":{"$date":"2022-03-20T17:43:16.140+07:00"},"s":"I",  "c":"STORAGE",  "id":22315,   "ctx":"initandlisten","msg":"Opening WiredTiger","attr":{"config":"create,cache_size=1461M,session_max=33000,eviction=(threads_min=4,threads_max=4),config_base=false,statistics=(fast),log=(enabled=true,archive=true,path=journal,compressor=snappy),builtin_extension_config=(zstd=(compression_level=6)),file_manager=(close_idle_time=600,close_scan_interval=10,close_handle_minimum=250),statistics_log=(wait=0),verbose=[recovery_progress,checkpoint_progress,compact_progress],"}}
{"t":{"$date":"2022-03-20T17:43:16.309+07:00"},"s":"I",  "c":"STORAGE",  "id":22430,   "ctx":"initandlisten","msg":"WiredTiger message","attr":{"message":"[1647772996:308424][2784:140709073019248], txn-recover: [WT_VERB_RECOVERY_ALL] Set global recovery timestamp: (0, 0)"}}
{"t":{"$date":"2022-03-20T17:43:16.309+07:00"},"s":"I",  "c":"STORAGE",  "id":22430,   "ctx":"initandlisten","msg":"WiredTiger message","attr":{"message":"[1647772996:309420][2784:140709073019248], txn-recover: [WT_VERB_RECOVERY_ALL] Set global oldest timestamp: (0, 0)"}}
{"t":{"$date":"2022-03-20T17:43:16.320+07:00"},"s":"I",  "c":"STORAGE",  "id":4795906, "ctx":"initandlisten","msg":"WiredTiger opened","attr":{"durationMillis":179}}
{"t":{"$date":"2022-03-20T17:43:16.321+07:00"},"s":"I",  "c":"RECOVERY", "id":23987,   "ctx":"initandlisten","msg":"WiredTiger recoveryTimestamp","attr":{"recoveryTimestamp":{"$timestamp":{"t":0,"i":0}}}}
{"t":{"$date":"2022-03-20T17:43:16.342+07:00"},"s":"I",  "c":"STORAGE",  "id":4366408, "ctx":"initandlisten","msg":"No table logging settings modifications are required for existing WiredTiger tables","attr":{"loggingEnabled":true}}
{"t":{"$date":"2022-03-20T17:43:16.349+07:00"},"s":"I",  "c":"STORAGE",  "id":22262,   "ctx":"initandlisten","msg":"Timestamp monitor starting"}
{"t":{"$date":"2022-03-20T17:43:16.363+07:00"},"s":"W",  "c":"CONTROL",  "id":22120,   "ctx":"initandlisten","msg":"Access control is not enabled for the database. Read and write access to data and configuration is unrestricted","tags":["startupWarnings"]}
{"t":{"$date":"2022-03-20T17:43:16.379+07:00"},"s":"I",  "c":"STORAGE",  "id":20320,   "ctx":"initandlisten","msg":"createCollection","attr":{"namespace":"admin.system.version","uuidDisposition":"provided","uuid":{"uuid":{"$uuid":"23c0a283-f551-4677-92ee-96295091b4f9"}},"options":{"uuid":{"$uuid":"23c0a283-f551-4677-92ee-96295091b4f9"}}}}
{"t":{"$date":"2022-03-20T17:43:16.411+07:00"},"s":"I",  "c":"INDEX",    "id":20345,   "ctx":"initandlisten","msg":"Index build: done building","attr":{"buildUUID":null,"namespace":"admin.system.version","index":"_id_","commitTimestamp":null}}
{"t":{"$date":"2022-03-20T17:43:16.415+07:00"},"s":"I",  "c":"REPL",     "id":20459,   "ctx":"initandlisten","msg":"Setting featureCompatibilityVersion","attr":{"newVersion":"5.0"}}
{"t":{"$date":"2022-03-20T17:43:16.416+07:00"},"s":"I",  "c":"NETWORK",  "id":4915702, "ctx":"initandlisten","msg":"Updated wire specification","attr":{"oldSpec":{"incomingExternalClient":{"minWireVersion":0,"maxWireVersion":13},"incomingInternalClient":{"minWireVersion":0,"maxWireVersion":13},"outgoing":{"minWireVersion":0,"maxWireVersion":13},"isInternalClient":true},"newSpec":{"incomingExternalClient":{"minWireVersion":0,"maxWireVersion":13},"incomingInternalClient":{"minWireVersion":13,"maxWireVersion":13},"outgoing":{"minWireVersion":13,"maxWireVersion":13},"isInternalClient":true}}}
{"t":{"$date":"2022-03-20T17:43:16.422+07:00"},"s":"I",  "c":"NETWORK",  "id":4915702, "ctx":"initandlisten","msg":"Updated wire specification","attr":{"oldSpec":{"incomingExternalClient":{"minWireVersion":0,"maxWireVersion":13},"incomingInternalClient":{"minWireVersion":13,"maxWireVersion":13},"outgoing":{"minWireVersion":13,"maxWireVersion":13},"isInternalClient":true},"newSpec":{"incomingExternalClient":{"minWireVersion":0,"maxWireVersion":13},"incomingInternalClient":{"minWireVersion":13,"maxWireVersion":13},"outgoing":{"minWireVersion":13,"maxWireVersion":13},"isInternalClient":true}}}
{"t":{"$date":"2022-03-20T17:43:16.422+07:00"},"s":"I",  "c":"STORAGE",  "id":5071100, "ctx":"initandlisten","msg":"Clearing temp directory"}
{"t":{"$date":"2022-03-20T17:43:16.424+07:00"},"s":"I",  "c":"CONTROL",  "id":20536,   "ctx":"initandlisten","msg":"Flow Control is enabled on this deployment"}
{"t":{"$date":"2022-03-20T17:43:17.531+07:00"},"s":"I",  "c":"FTDC",     "id":20625,   "ctx":"initandlisten","msg":"Initializing full-time diagnostic data capture","attr":{"dataDirectory":"F:/Mongo/data/diagnostic.data"}}
{"t":{"$date":"2022-03-20T17:43:17.536+07:00"},"s":"I",  "c":"STORAGE",  "id":20320,   "ctx":"initandlisten","msg":"createCollection","attr":{"namespace":"local.startup_log","uuidDisposition":"generated","uuid":{"uuid":{"$uuid":"3a394021-31af-4c19-a838-52f70545ac41"}},"options":{"capped":true,"size":10485760}}}
{"t":{"$date":"2022-03-20T17:43:17.561+07:00"},"s":"I",  "c":"INDEX",    "id":20345,   "ctx":"initandlisten","msg":"Index build: done building","attr":{"buildUUID":null,"namespace":"local.startup_log","index":"_id_","commitTimestamp":null}}
{"t":{"$date":"2022-03-20T17:43:17.565+07:00"},"s":"I",  "c":"REPL",     "id":6015317, "ctx":"initandlisten","msg":"Setting new configuration state","attr":{"newState":"ConfigReplicationDisabled","oldState":"ConfigPreStart"}}
{"t":{"$date":"2022-03-20T17:43:17.574+07:00"},"s":"I",  "c":"NETWORK",  "id":23015,   "ctx":"listener","msg":"Listening on","attr":{"address":"127.0.0.1"}}
{"t":{"$date":"2022-03-20T17:43:17.574+07:00"},"s":"I",  "c":"NETWORK",  "id":23016,   "ctx":"listener","msg":"Waiting for connections","attr":{"port":27017,"ssl":"off"}}
{"t":{"$date":"2022-03-20T17:43:17.574+07:00"},"s":"I",  "c":"CONTROL",  "id":20555,   "ctx":"initandlisten","msg":"Service running"}
{"t":{"$date":"2022-03-20T17:43:17.592+07:00"},"s":"I",  "c":"CONTROL",  "id":20712,   "ctx":"LogicalSessionCacheReap","msg":"Sessions collection is not set up; waiting until next sessions reap interval","attr":{"error":"NamespaceNotFound: config.system.sessions does not exist"}}
{"t":{"$date":"2022-03-20T17:43:17.595+07:00"},"s":"I",  "c":"STORAGE",  "id":20320,   "ctx":"LogicalSessionCacheRefresh","msg":"createCollection","attr":{"namespace":"config.system.sessions","uuidDisposition":"generated","uuid":{"uuid":{"$uuid":"4ad77ae4-8add-4746-a4cf-ba6f3a7ee5df"}},"options":{}}}
{"t":{"$date":"2022-03-20T17:43:17.621+07:00"},"s":"I",  "c":"INDEX",    "id":20345,   "ctx":"LogicalSessionCacheRefresh","msg":"Index build: done building","attr":{"buildUUID":null,"namespace":"config.system.sessions","index":"_id_","commitTimestamp":null}}
{"t":{"$date":"2022-03-20T17:43:17.621+07:00"},"s":"I",  "c":"INDEX",    "id":20345,   "ctx":"LogicalSessionCacheRefresh","msg":"Index build: done building","attr":{"buildUUID":null,"namespace":"config.system.sessions","index":"lsidTTLIndex","commitTimestamp":null}}
{"t":{"$date":"2022-03-20T17:44:16.373+07:00"},"s":"I",  "c":"STORAGE",  "id":22430,   "ctx":"Checkpointer","msg":"WiredTiger message","attr":{"message":"[1647773056:372825][2784:140709073019248], WT_SESSION.checkpoint: [WT_VERB_CHECKPOINT_PROGRESS] saving checkpoint snapshot min: 34, snapshot max: 34 snapshot count: 0, oldest timestamp: (0, 0) , meta checkpoint timestamp: (0, 0) base write gen: 1"}}
{"t":{"$date":"2022-03-20T17:45:16.401+07:00"},"s":"I",  "c":"STORAGE",  "id":22430,   "ctx":"Checkpointer","msg":"WiredTiger message","attr":{"message":"[1647773116:400306][2784:140709073019248], WT_SESSION.checkpoint: [WT_VERB_CHECKPOINT_PROGRESS] saving checkpoint snapshot min: 37, snapshot max: 37 snapshot count: 0, oldest timestamp: (0, 0) , meta checkpoint timestamp: (0, 0) base write gen: 1"}}
{"t":{"$date":"2022-03-20T17:46:16.409+07:00"},"s":"I",  "c":"STORAGE",  "id":22430,   "ctx":"Checkpointer","msg":"WiredTiger message","attr":{"message":"[1647773176:409429][2784:140709073019248], WT_SESSION.checkpoint: [WT_VERB_CHECKPOINT_PROGRESS] saving checkpoint snapshot min: 39, snapshot max: 39 snapshot count: 0, oldest timestamp: (0, 0) , meta checkpoint timestamp: (0, 0) base write gen: 1"}}
{"t":{"$date":"2022-03-20T17:47:16.418+07:00"},"s":"I",  "c":"STORAGE",  "id":22430,   "ctx":"Checkpointer","msg":"WiredTiger message","attr":{"message":"[1647773236:418035][2784:140709073019248], WT_SESSION.checkpoint: [WT_VERB_CHECKPOINT_PROGRESS] saving checkpoint snapshot min: 41, snapshot max: 41 snapshot count: 0, oldest timestamp: (0, 0) , meta checkpoint timestamp: (0, 0) base write gen: 1"}}
{"t":{"$date":"2022-03-20T17:48:16.432+07:00"},"s":"I",  "c":"STORAGE",  "id":22430,   "ctx":"Checkpointer","msg":"WiredTiger message","attr":{"message":"[1647773296:431081][2784:140709073019248], WT_SESSION.checkpoint: [WT_VERB_CHECKPOINT_PROGRESS] saving checkpoint snapshot min: 43, snapshot max: 43 snapshot count: 0, oldest timestamp: (0, 0) , meta checkpoint timestamp: (0, 0) base write gen: 1"}}
{"t":{"$date":"2022-03-20T17:49:16.446+07:00"},"s":"I",  "c":"STORAGE",  "id":22430,   "ctx":"Checkpointer","msg":"WiredTiger message","attr":{"message":"[1647773356:446004][2784:140709073019248], WT_SESSION.checkpoint: [WT_VERB_CHECKPOINT_PROGRESS] saving checkpoint snapshot min: 45, snapshot max: 45 snapshot count: 0, oldest timestamp: (0, 0) , meta checkpoint timestamp: (0, 0) base write gen: 1"}}
{"t":{"$date":"2022-03-20T17:50:16.474+07:00"},"s":"I",  "c":"STORAGE",  "id":22430,   "ctx":"Checkpointer","msg":"WiredTiger message","attr":{"message":"[1647773416:474276][2784:140709073019248], WT_SESSION.checkpoint: [WT_VERB_CHECKPOINT_PROGRESS] saving checkpoint snapshot min: 47, snapshot max: 47 snapshot count: 0, oldest timestamp: (0, 0) , meta checkpoint timestamp: (0, 0) base write gen: 1"}}
{"t":{"$date":"2022-03-20T17:51:16.482+07:00"},"s":"I",  "c":"STORAGE",  "id":22430,   "ctx":"Checkpointer","msg":"WiredTiger message","attr":{"message":"[1647773476:482187][2784:140709073019248], WT_SESSION.checkpoint: [WT_VERB_CHECKPOINT_PROGRESS] saving checkpoint snapshot min: 49, snapshot max: 49 snapshot count: 0, oldest timestamp: (0, 0) , meta checkpoint timestamp: (0, 0) base write gen: 1"}}
{"t":{"$date":"2022-03-20T17:52:16.496+07:00"},"s":"I",  "c":"STORAGE",  "id":22430,   "ctx":"Checkpointer","msg":"WiredTiger message","attr":{"message":"[1647773536:495876][2784:140709073019248], WT_SESSION.checkpoint: [WT_VERB_CHECKPOINT_PROGRESS] saving checkpoint snapshot min: 51, snapshot max: 51 snapshot count: 0, oldest timestamp: (0, 0) , meta checkpoint timestamp: (0, 0) base write gen: 1"}}
{"t":{"$date":"2022-03-20T17:53:16.503+07:00"},"s":"I",  "c":"STORAGE",  "id":22430,   "ctx":"Checkpointer","msg":"WiredTiger message","attr":{"message":"[1647773596:502384][2784:140709073019248], WT_SESSION.checkpoint: [WT_VERB_CHECKPOINT_PROGRESS] saving checkpoint snapshot min: 53, snapshot max: 53 snapshot count: 0, oldest timestamp: (0, 0) , meta checkpoint timestamp: (0, 0) base write gen: 1"}}
{"t":{"$date":"2022-03-20T17:54:16.509+07:00"},"s":"I",  "c":"STORAGE",  "id":22430,   "ctx":"Checkpointer","msg":"WiredTiger message","attr":{"message":"[1647773656:509258][2784:140709073019248], WT_SESSION.checkpoint: [WT_VERB_CHECKPOINT_PROGRESS] saving checkpoint snapshot min: 55, snapshot max: 55 snapshot count: 0, oldest timestamp: (0, 0) , meta checkpoint timestamp: (0, 0) base write gen: 1"}}
{"t":{"$date":"2022-03-20T17:55:16.515+07:00"},"s":"I",  "c":"STORAGE",  "id":22430,   "ctx":"Checkpointer","msg":"WiredTiger message","attr":{"message":"[1647773716:515485][2784:140709073019248], WT_SESSION.checkpoint: [WT_VERB_CHECKPOINT_PROGRESS] saving checkpoint snapshot min: 57, snapshot max: 57 snapshot count: 0, oldest timestamp: (0, 0) , meta checkpoint timestamp: (0, 0) base write gen: 1"}}
{"t":{"$date":"2022-03-20T17:56:16.524+07:00"},"s":"I",  "c":"STORAGE",  "id":22430,   "ctx":"Checkpointer","msg":"WiredTiger message","attr":{"message":"[1647773776:523863][2784:140709073019248], WT_SESSION.checkpoint: [WT_VERB_CHECKPOINT_PROGRESS] saving checkpoint snapshot min: 59, snapshot max: 59 snapshot count: 0, oldest timestamp: (0, 0) , meta checkpoint timestamp: (0, 0) base write gen: 1"}}
{"t":{"$date":"2022-03-20T17:57:16.535+07:00"},"s":"I",  "c":"STORAGE",  "id":22430,   "ctx":"Checkpointer","msg":"WiredTiger message","attr":{"message":"[1647773836:535039][2784:140709073019248], WT_SESSION.checkpoint: [WT_VERB_CHECKPOINT_PROGRESS] saving checkpoint snapshot min: 61, snapshot max: 61 snapshot count: 0, oldest timestamp: (0, 0) , meta checkpoint timestamp: (0, 0) base write gen: 1"}}
{"t":{"$date":"2022-03-20T17:58:16.544+07:00"},"s":"I",  "c":"STORAGE",  "id":22430,   "ctx":"Checkpointer","msg":"WiredTiger message","attr":{"message":"[1647773896:544397][2784:140709073019248], WT_SESSION.checkpoint: [WT_VERB_CHECKPOINT_PROGRESS] saving checkpoint snapshot min: 63, snapshot max: 63 snapshot count: 0, oldest timestamp: (0, 0) , meta checkpoint timestamp: (0, 0) base write gen: 1"}}
{"t":{"$date":"2022-03-20T17:59:16.557+07:00"},"s":"I",  "c":"STORAGE",  "id":22430,   "ctx":"Checkpointer","msg":"WiredTiger message","attr":{"message":"[1647773956:557459][2784:140709073019248], WT_SESSION.checkpoint: [WT_VERB_CHECKPOINT_PROGRESS] saving checkpoint snapshot min: 65, snapshot max: 65 snapshot count: 0, oldest timestamp: (0, 0) , meta checkpoint timestamp: (0, 0) base write gen: 1"}}
{"t":{"$date":"2022-03-20T18:00:16.573+07:00"},"s":"I",  "c":"STORAGE",  "id":22430,   "ctx":"Checkpointer","msg":"WiredTiger message","attr":{"message":"[1647774016:571724][2784:140709073019248], WT_SESSION.checkpoint: [WT_VERB_CHECKPOINT_PROGRESS] saving checkpoint snapshot min: 67, snapshot max: 67 snapshot count: 0, oldest timestamp: (0, 0) , meta checkpoint timestamp: (0, 0) base write gen: 1"}}
{"t":{"$date":"2022-03-20T18:01:16.586+07:00"},"s":"I",  "c":"STORAGE",  "id":22430,   "ctx":"Checkpointer","msg":"WiredTiger message","attr":{"message":"[1647774076:586409][2784:140709073019248], WT_SESSION.checkpoint: [WT_VERB_CHECKPOINT_PROGRESS] saving checkpoint snapshot min: 69, snapshot max: 69 snapshot count: 0, oldest timestamp: (0, 0) , meta checkpoint timestamp: (0, 0) base write gen: 1"}}
{"t":{"$date":"2022-03-20T18:02:16.596+07:00"},"s":"I",  "c":"STORAGE",  "id":22430,   "ctx":"Checkpointer","msg":"WiredTiger message","attr":{"message":"[1647774136:596813][2784:140709073019248], WT_SESSION.checkpoint: [WT_VERB_CHECKPOINT_PROGRESS] saving checkpoint snapshot min: 71, snapshot max: 71 snapshot count: 0, oldest timestamp: (0, 0) , meta checkpoint timestamp: (0, 0) base write gen: 1"}}
{"t":{"$date":"2022-03-20T18:03:16.608+07:00"},"s":"I",  "c":"STORAGE",  "id":22430,   "ctx":"Checkpointer","msg":"WiredTiger message","attr":{"message":"[1647774196:607620][2784:140709073019248], WT_SESSION.checkpoint: [WT_VERB_CHECKPOINT_PROGRESS] saving checkpoint snapshot min: 73, snapshot max: 73 snapshot count: 0, oldest timestamp: (0, 0) , meta checkpoint timestamp: (0, 0) base write gen: 1"}}
{"t":{"$date":"2022-03-20T18:04:16.617+07:00"},"s":"I",  "c":"STORAGE",  "id":22430,   "ctx":"Checkpointer","msg":"WiredTiger message","attr":{"message":"[1647774256:616860][2784:140709073019248], WT_SESSION.checkpoint: [WT_VERB_CHECKPOINT_PROGRESS] saving checkpoint snapshot min: 75, snapshot max: 75 snapshot count: 0, oldest timestamp: (0, 0) , meta checkpoint timestamp: (0, 0) base write gen: 1"}}
{"t":{"$date":"2022-03-20T18:05:16.634+07:00"},"s":"I",  "c":"STORAGE",  "id":22430,   "ctx":"Checkpointer","msg":"WiredTiger message","attr":{"message":"[1647774316:634023][2784:140709073019248], WT_SESSION.checkpoint: [WT_VERB_CHECKPOINT_PROGRESS] saving checkpoint snapshot min: 77, snapshot max: 77 snapshot count: 0, oldest timestamp: (0, 0) , meta checkpoint timestamp: (0, 0) base write gen: 1"}}
{"t":{"$date":"2022-03-20T18:06:16.650+07:00"},"s":"I",  "c":"STORAGE",  "id":22430,   "ctx":"Checkpointer","msg":"WiredTiger message","attr":{"message":"[1647774376:650145][2784:140709073019248], WT_SESSION.checkpoint: [WT_VERB_CHECKPOINT_PROGRESS] saving checkpoint snapshot min: 79, snapshot max: 79 snapshot count: 0, oldest timestamp: (0, 0) , meta checkpoint timestamp: (0, 0) base write gen: 1"}}
{"t":{"$date":"2022-03-20T18:07:16.658+07:00"},"s":"I",  "c":"STORAGE",  "id":22430,   "ctx":"Checkpointer","msg":"WiredTiger message","attr":{"message":"[1647774436:657942][2784:140709073019248], WT_SESSION.checkpoint: [WT_VERB_CHECKPOINT_PROGRESS] saving checkpoint snapshot min: 81, snapshot max: 81 snapshot count: 0, oldest timestamp: (0, 0) , meta checkpoint timestamp: (0, 0) base write gen: 1"}}
{"t":{"$date":"2022-03-20T18:08:16.665+07:00"},"s":"I",  "c":"STORAGE",  "id":22430,   "ctx":"Checkpointer","msg":"WiredTiger message","attr":{"message":"[1647774496:665309][2784:140709073019248], WT_SESSION.checkpoint: [WT_VERB_CHECKPOINT_PROGRESS] saving checkpoint snapshot min: 83, snapshot max: 83 snapshot count: 0, oldest timestamp: (0, 0) , meta checkpoint timestamp: (0, 0) base write gen: 1"}}
{"t":{"$date":"2022-03-20T18:09:16.690+07:00"},"s":"I",  "c":"STORAGE",  "id":22430,   "ctx":"Checkpointer","msg":"WiredTiger message","attr":{"message":"[1647774556:690205][2784:140709073019248], WT_SESSION.checkpoint: [WT_VERB_CHECKPOINT_PROGRESS] saving checkpoint snapshot min: 85, snapshot max: 85 snapshot count: 0, oldest timestamp: (0, 0) , meta checkpoint timestamp: (0, 0) base write gen: 1"}}
{"t":{"$date":"2022-03-20T18:10:16.701+07:00"},"s":"I",  "c":"STORAGE",  "id":22430,   "ctx":"Checkpointer","msg":"WiredTiger message","attr":{"message":"[1647774616:701387][2784:140709073019248], WT_SESSION.checkpoint: [WT_VERB_CHECKPOINT_PROGRESS] saving checkpoint snapshot min: 87, snapshot max: 87 snapshot count: 0, oldest timestamp: (0, 0) , meta checkpoint timestamp: (0, 0) base write gen: 1"}}
{"t":{"$date":"2022-03-20T18:11:16.709+07:00"},"s":"I",  "c":"STORAGE",  "id":22430,   "ctx":"Checkpointer","msg":"WiredTiger message","attr":{"message":"[1647774676:708833][2784:140709073019248], WT_SESSION.checkpoint: [WT_VERB_CHECKPOINT_PROGRESS] saving checkpoint snapshot min: 89, snapshot max: 89 snapshot count: 0, oldest timestamp: (0, 0) , meta checkpoint timestamp: (0, 0) base write gen: 1"}}
{"t":{"$date":"2022-03-20T18:12:16.723+07:00"},"s":"I",  "c":"STORAGE",  "id":22430,   "ctx":"Checkpointer","msg":"WiredTiger message","attr":{"message":"[1647774736:722286][2784:140709073019248], WT_SESSION.checkpoint: [WT_VERB_CHECKPOINT_PROGRESS] saving checkpoint snapshot min: 91, snapshot max: 91 snapshot count: 0, oldest timestamp: (0, 0) , meta checkpoint timestamp: (0, 0) base write gen: 1"}}
{"t":{"$date":"2022-03-20T18:12:50.972+07:00"},"s":"I",  "c":"CONTROL",  "id":23315,   "ctx":"serviceShutdown","msg":"Received request from Windows Service Control Manager","attr":{"code":"SERVICE_CONTROL_STOP","inShutdown":"false"}}
{"t":{"$date":"2022-03-20T18:12:50.981+07:00"},"s":"I",  "c":"REPL",     "id":4784900, "ctx":"serviceShutdown","msg":"Stepping down the ReplicationCoordinator for shutdown","attr":{"waitTimeMillis":15000}}
{"t":{"$date":"2022-03-20T18:12:51.000+07:00"},"s":"I",  "c":"REPL",     "id":4794602, "ctx":"serviceShutdown","msg":"Attempting to enter quiesce mode"}
{"t":{"$date":"2022-03-20T18:12:51.001+07:00"},"s":"I",  "c":"COMMAND",  "id":4784901, "ctx":"serviceShutdown","msg":"Shutting down the MirrorMaestro"}
{"t":{"$date":"2022-03-20T18:12:51.001+07:00"},"s":"I",  "c":"SHARDING", "id":4784902, "ctx":"serviceShutdown","msg":"Shutting down the WaitForMajorityService"}
{"t":{"$date":"2022-03-20T18:12:51.022+07:00"},"s":"I",  "c":"CONTROL",  "id":4784903, "ctx":"serviceShutdown","msg":"Shutting down the LogicalSessionCache"}
{"t":{"$date":"2022-03-20T18:12:51.033+07:00"},"s":"I",  "c":"NETWORK",  "id":20562,   "ctx":"serviceShutdown","msg":"Shutdown: going to close listening sockets"}
{"t":{"$date":"2022-03-20T18:12:51.038+07:00"},"s":"I",  "c":"NETWORK",  "id":4784905, "ctx":"serviceShutdown","msg":"Shutting down the global connection pool"}
{"t":{"$date":"2022-03-20T18:12:51.038+07:00"},"s":"I",  "c":"CONTROL",  "id":4784906, "ctx":"serviceShutdown","msg":"Shutting down the FlowControlTicketholder"}
{"t":{"$date":"2022-03-20T18:12:51.038+07:00"},"s":"I",  "c":"-",        "id":20520,   "ctx":"serviceShutdown","msg":"Stopping further Flow Control ticket acquisitions."}
{"t":{"$date":"2022-03-20T18:12:51.039+07:00"},"s":"I",  "c":"CONTROL",  "id":4784908, "ctx":"serviceShutdown","msg":"Shutting down the PeriodicThreadToAbortExpiredTransactions"}
{"t":{"$date":"2022-03-20T18:12:51.039+07:00"},"s":"I",  "c":"REPL",     "id":4784909, "ctx":"serviceShutdown","msg":"Shutting down the ReplicationCoordinator"}
{"t":{"$date":"2022-03-20T18:12:51.040+07:00"},"s":"I",  "c":"SHARDING", "id":4784910, "ctx":"serviceShutdown","msg":"Shutting down the ShardingInitializationMongoD"}
{"t":{"$date":"2022-03-20T18:12:51.041+07:00"},"s":"I",  "c":"REPL",     "id":4784911, "ctx":"serviceShutdown","msg":"Enqueuing the ReplicationStateTransitionLock for shutdown"}
{"t":{"$date":"2022-03-20T18:12:51.041+07:00"},"s":"I",  "c":"-",        "id":4784912, "ctx":"serviceShutdown","msg":"Killing all operations for shutdown"}
{"t":{"$date":"2022-03-20T18:12:51.042+07:00"},"s":"I",  "c":"-",        "id":4695300, "ctx":"serviceShutdown","msg":"Interrupted all currently running operations","attr":{"opsKilled":3}}
{"t":{"$date":"2022-03-20T18:12:51.042+07:00"},"s":"I",  "c":"TENANT_M", "id":5093807, "ctx":"serviceShutdown","msg":"Shutting down all TenantMigrationAccessBlockers on global shutdown"}
{"t":{"$date":"2022-03-20T18:12:51.043+07:00"},"s":"I",  "c":"COMMAND",  "id":4784913, "ctx":"serviceShutdown","msg":"Shutting down all open transactions"}
{"t":{"$date":"2022-03-20T18:12:51.043+07:00"},"s":"I",  "c":"REPL",     "id":4784914, "ctx":"serviceShutdown","msg":"Acquiring the ReplicationStateTransitionLock for shutdown"}
{"t":{"$date":"2022-03-20T18:12:51.043+07:00"},"s":"I",  "c":"INDEX",    "id":4784915, "ctx":"serviceShutdown","msg":"Shutting down the IndexBuildsCoordinator"}
{"t":{"$date":"2022-03-20T18:12:51.047+07:00"},"s":"I",  "c":"REPL",     "id":4784916, "ctx":"serviceShutdown","msg":"Reacquiring the ReplicationStateTransitionLock for shutdown"}
{"t":{"$date":"2022-03-20T18:12:51.047+07:00"},"s":"I",  "c":"REPL",     "id":4784917, "ctx":"serviceShutdown","msg":"Attempting to mark clean shutdown"}
{"t":{"$date":"2022-03-20T18:12:51.048+07:00"},"s":"I",  "c":"NETWORK",  "id":4784918, "ctx":"serviceShutdown","msg":"Shutting down the ReplicaSetMonitor"}
{"t":{"$date":"2022-03-20T18:12:51.050+07:00"},"s":"I",  "c":"SHARDING", "id":4784921, "ctx":"serviceShutdown","msg":"Shutting down the MigrationUtilExecutor"}
{"t":{"$date":"2022-03-20T18:12:51.058+07:00"},"s":"I",  "c":"ASIO",     "id":22582,   "ctx":"MigrationUtil-TaskExecutor","msg":"Killing all outstanding egress activity."}
{"t":{"$date":"2022-03-20T18:12:51.058+07:00"},"s":"I",  "c":"COMMAND",  "id":4784923, "ctx":"serviceShutdown","msg":"Shutting down the ServiceEntryPoint"}
{"t":{"$date":"2022-03-20T18:12:51.058+07:00"},"s":"I",  "c":"CONTROL",  "id":4784925, "ctx":"serviceShutdown","msg":"Shutting down free monitoring"}
{"t":{"$date":"2022-03-20T18:12:51.058+07:00"},"s":"I",  "c":"CONTROL",  "id":20609,   "ctx":"serviceShutdown","msg":"Shutting down free monitoring"}
{"t":{"$date":"2022-03-20T18:12:51.060+07:00"},"s":"I",  "c":"CONTROL",  "id":4784927, "ctx":"serviceShutdown","msg":"Shutting down the HealthLog"}
{"t":{"$date":"2022-03-20T18:12:51.061+07:00"},"s":"I",  "c":"CONTROL",  "id":4784928, "ctx":"serviceShutdown","msg":"Shutting down the TTL monitor"}
{"t":{"$date":"2022-03-20T18:12:51.061+07:00"},"s":"I",  "c":"INDEX",    "id":3684100, "ctx":"serviceShutdown","msg":"Shutting down TTL collection monitor thread"}
{"t":{"$date":"2022-03-20T18:12:51.062+07:00"},"s":"I",  "c":"INDEX",    "id":3684101, "ctx":"serviceShutdown","msg":"Finished shutting down TTL collection monitor thread"}
{"t":{"$date":"2022-03-20T18:12:51.062+07:00"},"s":"I",  "c":"CONTROL",  "id":4784929, "ctx":"serviceShutdown","msg":"Acquiring the global lock for shutdown"}
{"t":{"$date":"2022-03-20T18:12:51.062+07:00"},"s":"I",  "c":"CONTROL",  "id":4784930, "ctx":"serviceShutdown","msg":"Shutting down the storage engine"}
{"t":{"$date":"2022-03-20T18:12:51.063+07:00"},"s":"I",  "c":"STORAGE",  "id":22320,   "ctx":"serviceShutdown","msg":"Shutting down journal flusher thread"}
{"t":{"$date":"2022-03-20T18:12:51.064+07:00"},"s":"I",  "c":"STORAGE",  "id":22321,   "ctx":"serviceShutdown","msg":"Finished shutting down journal flusher thread"}
{"t":{"$date":"2022-03-20T18:12:51.064+07:00"},"s":"I",  "c":"STORAGE",  "id":22322,   "ctx":"serviceShutdown","msg":"Shutting down checkpoint thread"}
{"t":{"$date":"2022-03-20T18:12:51.067+07:00"},"s":"I",  "c":"STORAGE",  "id":22323,   "ctx":"serviceShutdown","msg":"Finished shutting down checkpoint thread"}
{"t":{"$date":"2022-03-20T18:12:51.068+07:00"},"s":"I",  "c":"STORAGE",  "id":20282,   "ctx":"serviceShutdown","msg":"Deregistering all the collections"}
{"t":{"$date":"2022-03-20T18:12:51.079+07:00"},"s":"I",  "c":"STORAGE",  "id":22261,   "ctx":"serviceShutdown","msg":"Timestamp monitor shutting down"}
{"t":{"$date":"2022-03-20T18:12:51.079+07:00"},"s":"I",  "c":"STORAGE",  "id":22317,   "ctx":"serviceShutdown","msg":"WiredTigerKVEngine shutting down"}
{"t":{"$date":"2022-03-20T18:12:51.080+07:00"},"s":"I",  "c":"STORAGE",  "id":22318,   "ctx":"serviceShutdown","msg":"Shutting down session sweeper thread"}
{"t":{"$date":"2022-03-20T18:12:51.080+07:00"},"s":"I",  "c":"STORAGE",  "id":22319,   "ctx":"serviceShutdown","msg":"Finished shutting down session sweeper thread"}
{"t":{"$date":"2022-03-20T18:12:51.082+07:00"},"s":"I",  "c":"STORAGE",  "id":4795902, "ctx":"serviceShutdown","msg":"Closing WiredTiger","attr":{"closeConfig":"leak_memory=true,"}}
{"t":{"$date":"2022-03-20T18:12:51.087+07:00"},"s":"I",  "c":"STORAGE",  "id":22430,   "ctx":"serviceShutdown","msg":"WiredTiger message","attr":{"message":"[1647774771:86971][2784:140709073019248], close_ckpt: [WT_VERB_CHECKPOINT_PROGRESS] saving checkpoint snapshot min: 93, snapshot max: 93 snapshot count: 0, oldest timestamp: (0, 0) , meta checkpoint timestamp: (0, 0) base write gen: 1"}}
{"t":{"$date":"2022-03-20T18:12:51.128+07:00"},"s":"I",  "c":"STORAGE",  "id":4795901, "ctx":"serviceShutdown","msg":"WiredTiger closed","attr":{"durationMillis":47}}
{"t":{"$date":"2022-03-20T18:12:51.128+07:00"},"s":"I",  "c":"STORAGE",  "id":22281,   "ctx":"serviceShutdown","msg":"shutdown: removing fs lock..."}
{"t":{"$date":"2022-03-20T18:12:51.129+07:00"},"s":"I",  "c":"-",        "id":4784931, "ctx":"serviceShutdown","msg":"Dropping the scope cache for shutdown"}
{"t":{"$date":"2022-03-20T18:12:51.129+07:00"},"s":"I",  "c":"FTDC",     "id":4784926, "ctx":"serviceShutdown","msg":"Shutting down full-time data capture"}
{"t":{"$date":"2022-03-20T18:12:51.130+07:00"},"s":"I",  "c":"FTDC",     "id":20626,   "ctx":"serviceShutdown","msg":"Shutting down full-time diagnostic data capture"}
{"t":{"$date":"2022-03-20T18:12:51.139+07:00"},"s":"I",  "c":"CONTROL",  "id":20565,   "ctx":"serviceShutdown","msg":"Now exiting"}

{"t":{"$date":"2022-03-20T18:34:44.629+07:00"},"s":"I",  "c":"CONTROL",  "id":20698,   "ctx":"-","msg":"***** SERVER RESTARTED *****"}
{"t":{"$date":"2022-03-20T18:34:44.645+07:00"},"s":"I",  "c":"CONTROL",  "id":23285,   "ctx":"main","msg":"Automatically disabling TLS 1.0, to force-enable TLS 1.0 specify --sslDisabledProtocols 'none'"}
{"t":{"$date":"2022-03-20T18:34:45.625+07:00"},"s":"I",  "c":"NETWORK",  "id":4915701, "ctx":"main","msg":"Initialized wire specification","attr":{"spec":{"incomingExternalClient":{"minWireVersion":0,"maxWireVersion":13},"incomingInternalClient":{"minWireVersion":0,"maxWireVersion":13},"outgoing":{"minWireVersion":0,"maxWireVersion":13},"isInternalClient":true}}}
{"t":{"$date":"2022-03-20T18:34:45.634+07:00"},"s":"W",  "c":"ASIO",     "id":22601,   "ctx":"main","msg":"No TransportLayer configured during NetworkInterface startup"}
{"t":{"$date":"2022-03-20T18:34:45.636+07:00"},"s":"I",  "c":"NETWORK",  "id":4648602, "ctx":"main","msg":"Implicit TCP FastOpen in use."}
{"t":{"$date":"2022-03-20T18:34:45.668+07:00"},"s":"W",  "c":"ASIO",     "id":22601,   "ctx":"main","msg":"No TransportLayer configured during NetworkInterface startup"}
{"t":{"$date":"2022-03-20T18:34:45.671+07:00"},"s":"I",  "c":"REPL",     "id":5123008, "ctx":"main","msg":"Successfully registered PrimaryOnlyService","attr":{"service":"TenantMigrationDonorService","ns":"config.tenantMigrationDonors"}}
{"t":{"$date":"2022-03-20T18:34:45.671+07:00"},"s":"I",  "c":"REPL",     "id":5123008, "ctx":"main","msg":"Successfully registered PrimaryOnlyService","attr":{"service":"TenantMigrationRecipientService","ns":"config.tenantMigrationRecipients"}}
{"t":{"$date":"2022-03-20T18:34:45.672+07:00"},"s":"I",  "c":"CONTROL",  "id":5945603, "ctx":"main","msg":"Multi threading initialized"}
{"t":{"$date":"2022-03-20T18:34:45.673+07:00"},"s":"I",  "c":"CONTROL",  "id":23316,   "ctx":"main","msg":"Trying to start Windows service","attr":{"serviceName":"MongoDB"}}
{"t":{"$date":"2022-03-20T18:34:45.677+07:00"},"s":"I",  "c":"CONTROL",  "id":4615611, "ctx":"initandlisten","msg":"MongoDB starting","attr":{"pid":15744,"port":27017,"dbPath":"F:/Mongo/data","architecture":"64-bit","host":"THUHUONG"}}
{"t":{"$date":"2022-03-20T18:34:45.677+07:00"},"s":"I",  "c":"CONTROL",  "id":23398,   "ctx":"initandlisten","msg":"Target operating system minimum version","attr":{"targetMinOS":"Windows 7/Windows Server 2008 R2"}}
{"t":{"$date":"2022-03-20T18:34:45.678+07:00"},"s":"I",  "c":"CONTROL",  "id":23403,   "ctx":"initandlisten","msg":"Build Info","attr":{"buildInfo":{"version":"5.0.6","gitVersion":"212a8dbb47f07427dae194a9c75baec1d81d9259","modules":[],"allocator":"tcmalloc","environment":{"distmod":"windows","distarch":"x86_64","target_arch":"x86_64"}}}}
{"t":{"$date":"2022-03-20T18:34:45.678+07:00"},"s":"I",  "c":"CONTROL",  "id":51765,   "ctx":"initandlisten","msg":"Operating System","attr":{"os":{"name":"Microsoft Windows 10","version":"10.0 (build 22000)"}}}
{"t":{"$date":"2022-03-20T18:34:45.678+07:00"},"s":"I",  "c":"CONTROL",  "id":21951,   "ctx":"initandlisten","msg":"Options set by command line","attr":{"options":{"config":"F:\\Mongo\\bin\\mongod.cfg","net":{"bindIp":"127.0.0.1","port":27017},"service":true,"storage":{"dbPath":"F:\\Mongo\\data","journal":{"enabled":true}},"systemLog":{"destination":"file","logAppend":true,"path":"F:\\Mongo\\log\\mongod.log"}}}}
{"t":{"$date":"2022-03-20T18:34:45.690+07:00"},"s":"I",  "c":"STORAGE",  "id":22270,   "ctx":"initandlisten","msg":"Storage engine to use detected by data files","attr":{"dbpath":"F:/Mongo/data","storageEngine":"wiredTiger"}}
{"t":{"$date":"2022-03-20T18:34:45.692+07:00"},"s":"I",  "c":"STORAGE",  "id":22315,   "ctx":"initandlisten","msg":"Opening WiredTiger","attr":{"config":"create,cache_size=1461M,session_max=33000,eviction=(threads_min=4,threads_max=4),config_base=false,statistics=(fast),log=(enabled=true,archive=true,path=journal,compressor=snappy),builtin_extension_config=(zstd=(compression_level=6)),file_manager=(close_idle_time=600,close_scan_interval=10,close_handle_minimum=250),statistics_log=(wait=0),verbose=[recovery_progress,checkpoint_progress,compact_progress],"}}
{"t":{"$date":"2022-03-20T18:34:45.768+07:00"},"s":"I",  "c":"STORAGE",  "id":22430,   "ctx":"initandlisten","msg":"WiredTiger message","attr":{"message":"[1647776085:768012][15744:140709073019248], txn-recover: [WT_VERB_RECOVERY_PROGRESS] Recovering log 1 through 2"}}
{"t":{"$date":"2022-03-20T18:34:45.908+07:00"},"s":"I",  "c":"STORAGE",  "id":22430,   "ctx":"initandlisten","msg":"WiredTiger message","attr":{"message":"[1647776085:908201][15744:140709073019248], txn-recover: [WT_VERB_RECOVERY_PROGRESS] Recovering log 2 through 2"}}
{"t":{"$date":"2022-03-20T18:34:46.035+07:00"},"s":"I",  "c":"STORAGE",  "id":22430,   "ctx":"initandlisten","msg":"WiredTiger message","attr":{"message":"[1647776086:34560][15744:140709073019248], txn-recover: [WT_VERB_RECOVERY_ALL] Main recovery loop: starting at 1/33536 to 2/256"}}
{"t":{"$date":"2022-03-20T18:34:46.283+07:00"},"s":"I",  "c":"STORAGE",  "id":22430,   "ctx":"initandlisten","msg":"WiredTiger message","attr":{"message":"[1647776086:282941][15744:140709073019248], txn-recover: [WT_VERB_RECOVERY_PROGRESS] Recovering log 1 through 2"}}
{"t":{"$date":"2022-03-20T18:34:46.401+07:00"},"s":"I",  "c":"STORAGE",  "id":22430,   "ctx":"initandlisten","msg":"WiredTiger message","attr":{"message":"[1647776086:401868][15744:140709073019248], txn-recover: [WT_VERB_RECOVERY_PROGRESS] Recovering log 2 through 2"}}
{"t":{"$date":"2022-03-20T18:34:46.628+07:00"},"s":"I",  "c":"STORAGE",  "id":22430,   "ctx":"initandlisten","msg":"WiredTiger message","attr":{"message":"[1647776086:628619][15744:140709073019248], txn-recover: [WT_VERB_RECOVERY_ALL] Set global recovery timestamp: (0, 0)"}}
{"t":{"$date":"2022-03-20T18:34:46.628+07:00"},"s":"I",  "c":"STORAGE",  "id":22430,   "ctx":"initandlisten","msg":"WiredTiger message","attr":{"message":"[1647776086:628723][15744:140709073019248], txn-recover: [WT_VERB_RECOVERY_ALL] Set global oldest timestamp: (0, 0)"}}
{"t":{"$date":"2022-03-20T18:34:46.635+07:00"},"s":"I",  "c":"STORAGE",  "id":22430,   "ctx":"initandlisten","msg":"WiredTiger message","attr":{"message":"[1647776086:634720][15744:140709073019248], WT_SESSION.checkpoint: [WT_VERB_CHECKPOINT_PROGRESS] saving checkpoint snapshot min: 1, snapshot max: 1 snapshot count: 0, oldest timestamp: (0, 0) , meta checkpoint timestamp: (0, 0) base write gen: 94"}}
{"t":{"$date":"2022-03-20T18:34:46.650+07:00"},"s":"I",  "c":"STORAGE",  "id":4795906, "ctx":"initandlisten","msg":"WiredTiger opened","attr":{"durationMillis":958}}
{"t":{"$date":"2022-03-20T18:34:46.651+07:00"},"s":"I",  "c":"RECOVERY", "id":23987,   "ctx":"initandlisten","msg":"WiredTiger recoveryTimestamp","attr":{"recoveryTimestamp":{"$timestamp":{"t":0,"i":0}}}}
{"t":{"$date":"2022-03-20T18:34:46.658+07:00"},"s":"I",  "c":"STORAGE",  "id":4366408, "ctx":"initandlisten","msg":"No table logging settings modifications are required for existing WiredTiger tables","attr":{"loggingEnabled":true}}
{"t":{"$date":"2022-03-20T18:34:46.676+07:00"},"s":"I",  "c":"STORAGE",  "id":22262,   "ctx":"initandlisten","msg":"Timestamp monitor starting"}
{"t":{"$date":"2022-03-20T18:34:46.680+07:00"},"s":"W",  "c":"CONTROL",  "id":22120,   "ctx":"initandlisten","msg":"Access control is not enabled for the database. Read and write access to data and configuration is unrestricted","tags":["startupWarnings"]}
{"t":{"$date":"2022-03-20T18:34:46.726+07:00"},"s":"I",  "c":"NETWORK",  "id":4915702, "ctx":"initandlisten","msg":"Updated wire specification","attr":{"oldSpec":{"incomingExternalClient":{"minWireVersion":0,"maxWireVersion":13},"incomingInternalClient":{"minWireVersion":0,"maxWireVersion":13},"outgoing":{"minWireVersion":0,"maxWireVersion":13},"isInternalClient":true},"newSpec":{"incomingExternalClient":{"minWireVersion":0,"maxWireVersion":13},"incomingInternalClient":{"minWireVersion":13,"maxWireVersion":13},"outgoing":{"minWireVersion":13,"maxWireVersion":13},"isInternalClient":true}}}
{"t":{"$date":"2022-03-20T18:34:46.731+07:00"},"s":"I",  "c":"STORAGE",  "id":5071100, "ctx":"initandlisten","msg":"Clearing temp directory"}
{"t":{"$date":"2022-03-20T18:34:46.735+07:00"},"s":"I",  "c":"CONTROL",  "id":20536,   "ctx":"initandlisten","msg":"Flow Control is enabled on this deployment"}
{"t":{"$date":"2022-03-20T18:34:47.223+07:00"},"s":"I",  "c":"FTDC",     "id":20625,   "ctx":"initandlisten","msg":"Initializing full-time diagnostic data capture","attr":{"dataDirectory":"F:/Mongo/data/diagnostic.data"}}
{"t":{"$date":"2022-03-20T18:34:47.237+07:00"},"s":"I",  "c":"REPL",     "id":6015317, "ctx":"initandlisten","msg":"Setting new configuration state","attr":{"newState":"ConfigReplicationDisabled","oldState":"ConfigPreStart"}}
{"t":{"$date":"2022-03-20T18:34:47.251+07:00"},"s":"I",  "c":"NETWORK",  "id":23015,   "ctx":"listener","msg":"Listening on","attr":{"address":"127.0.0.1"}}
{"t":{"$date":"2022-03-20T18:34:47.252+07:00"},"s":"I",  "c":"NETWORK",  "id":23016,   "ctx":"listener","msg":"Waiting for connections","attr":{"port":27017,"ssl":"off"}}
{"t":{"$date":"2022-03-20T18:34:47.252+07:00"},"s":"I",  "c":"CONTROL",  "id":20555,   "ctx":"initandlisten","msg":"Service running"}
{"t":{"$date":"2022-03-20T18:34:48.020+07:00"},"s":"I",  "c":"CONTROL",  "id":23315,   "ctx":"serviceShutdown","msg":"Received request from Windows Service Control Manager","attr":{"code":"SERVICE_CONTROL_STOP","inShutdown":"false"}}
{"t":{"$date":"2022-03-20T18:34:48.020+07:00"},"s":"I",  "c":"REPL",     "id":4784900, "ctx":"serviceShutdown","msg":"Stepping down the ReplicationCoordinator for shutdown","attr":{"waitTimeMillis":15000}}
{"t":{"$date":"2022-03-20T18:34:48.025+07:00"},"s":"I",  "c":"REPL",     "id":4794602, "ctx":"serviceShutdown","msg":"Attempting to enter quiesce mode"}
{"t":{"$date":"2022-03-20T18:34:48.026+07:00"},"s":"I",  "c":"COMMAND",  "id":4784901, "ctx":"serviceShutdown","msg":"Shutting down the MirrorMaestro"}
{"t":{"$date":"2022-03-20T18:34:48.026+07:00"},"s":"I",  "c":"SHARDING", "id":4784902, "ctx":"serviceShutdown","msg":"Shutting down the WaitForMajorityService"}
{"t":{"$date":"2022-03-20T18:34:48.028+07:00"},"s":"I",  "c":"CONTROL",  "id":4784903, "ctx":"serviceShutdown","msg":"Shutting down the LogicalSessionCache"}
{"t":{"$date":"2022-03-20T18:34:48.030+07:00"},"s":"I",  "c":"NETWORK",  "id":20562,   "ctx":"serviceShutdown","msg":"Shutdown: going to close listening sockets"}
{"t":{"$date":"2022-03-20T18:34:48.031+07:00"},"s":"I",  "c":"NETWORK",  "id":4784905, "ctx":"serviceShutdown","msg":"Shutting down the global connection pool"}
{"t":{"$date":"2022-03-20T18:34:48.031+07:00"},"s":"I",  "c":"CONTROL",  "id":4784906, "ctx":"serviceShutdown","msg":"Shutting down the FlowControlTicketholder"}
{"t":{"$date":"2022-03-20T18:34:48.031+07:00"},"s":"I",  "c":"-",        "id":20520,   "ctx":"serviceShutdown","msg":"Stopping further Flow Control ticket acquisitions."}
{"t":{"$date":"2022-03-20T18:34:48.032+07:00"},"s":"I",  "c":"CONTROL",  "id":4784908, "ctx":"serviceShutdown","msg":"Shutting down the PeriodicThreadToAbortExpiredTransactions"}
{"t":{"$date":"2022-03-20T18:34:48.032+07:00"},"s":"I",  "c":"REPL",     "id":4784909, "ctx":"serviceShutdown","msg":"Shutting down the ReplicationCoordinator"}
{"t":{"$date":"2022-03-20T18:34:48.032+07:00"},"s":"I",  "c":"SHARDING", "id":4784910, "ctx":"serviceShutdown","msg":"Shutting down the ShardingInitializationMongoD"}
{"t":{"$date":"2022-03-20T18:34:48.033+07:00"},"s":"I",  "c":"REPL",     "id":4784911, "ctx":"serviceShutdown","msg":"Enqueuing the ReplicationStateTransitionLock for shutdown"}
{"t":{"$date":"2022-03-20T18:34:48.033+07:00"},"s":"I",  "c":"-",        "id":4784912, "ctx":"serviceShutdown","msg":"Killing all operations for shutdown"}
{"t":{"$date":"2022-03-20T18:34:48.033+07:00"},"s":"I",  "c":"-",        "id":4695300, "ctx":"serviceShutdown","msg":"Interrupted all currently running operations","attr":{"opsKilled":3}}
{"t":{"$date":"2022-03-20T18:34:48.033+07:00"},"s":"I",  "c":"TENANT_M", "id":5093807, "ctx":"serviceShutdown","msg":"Shutting down all TenantMigrationAccessBlockers on global shutdown"}
{"t":{"$date":"2022-03-20T18:34:48.033+07:00"},"s":"I",  "c":"COMMAND",  "id":4784913, "ctx":"serviceShutdown","msg":"Shutting down all open transactions"}
{"t":{"$date":"2022-03-20T18:34:48.033+07:00"},"s":"I",  "c":"REPL",     "id":4784914, "ctx":"serviceShutdown","msg":"Acquiring the ReplicationStateTransitionLock for shutdown"}
{"t":{"$date":"2022-03-20T18:34:48.033+07:00"},"s":"I",  "c":"INDEX",    "id":4784915, "ctx":"serviceShutdown","msg":"Shutting down the IndexBuildsCoordinator"}
{"t":{"$date":"2022-03-20T18:34:48.033+07:00"},"s":"I",  "c":"REPL",     "id":4784916, "ctx":"serviceShutdown","msg":"Reacquiring the ReplicationStateTransitionLock for shutdown"}
{"t":{"$date":"2022-03-20T18:34:48.033+07:00"},"s":"I",  "c":"REPL",     "id":4784917, "ctx":"serviceShutdown","msg":"Attempting to mark clean shutdown"}
{"t":{"$date":"2022-03-20T18:34:48.034+07:00"},"s":"I",  "c":"NETWORK",  "id":4784918, "ctx":"serviceShutdown","msg":"Shutting down the ReplicaSetMonitor"}
{"t":{"$date":"2022-03-20T18:34:48.035+07:00"},"s":"I",  "c":"SHARDING", "id":4784921, "ctx":"serviceShutdown","msg":"Shutting down the MigrationUtilExecutor"}
{"t":{"$date":"2022-03-20T18:34:48.036+07:00"},"s":"I",  "c":"ASIO",     "id":22582,   "ctx":"MigrationUtil-TaskExecutor","msg":"Killing all outstanding egress activity."}
{"t":{"$date":"2022-03-20T18:34:48.037+07:00"},"s":"I",  "c":"COMMAND",  "id":4784923, "ctx":"serviceShutdown","msg":"Shutting down the ServiceEntryPoint"}
{"t":{"$date":"2022-03-20T18:34:48.037+07:00"},"s":"I",  "c":"CONTROL",  "id":4784925, "ctx":"serviceShutdown","msg":"Shutting down free monitoring"}
{"t":{"$date":"2022-03-20T18:34:48.037+07:00"},"s":"I",  "c":"CONTROL",  "id":20609,   "ctx":"serviceShutdown","msg":"Shutting down free monitoring"}
{"t":{"$date":"2022-03-20T18:34:48.037+07:00"},"s":"I",  "c":"CONTROL",  "id":4784927, "ctx":"serviceShutdown","msg":"Shutting down the HealthLog"}
{"t":{"$date":"2022-03-20T18:34:48.037+07:00"},"s":"I",  "c":"CONTROL",  "id":4784928, "ctx":"serviceShutdown","msg":"Shutting down the TTL monitor"}
{"t":{"$date":"2022-03-20T18:34:48.037+07:00"},"s":"I",  "c":"INDEX",    "id":3684100, "ctx":"serviceShutdown","msg":"Shutting down TTL collection monitor thread"}
{"t":{"$date":"2022-03-20T18:34:48.038+07:00"},"s":"I",  "c":"INDEX",    "id":3684101, "ctx":"serviceShutdown","msg":"Finished shutting down TTL collection monitor thread"}
{"t":{"$date":"2022-03-20T18:34:48.038+07:00"},"s":"I",  "c":"CONTROL",  "id":4784929, "ctx":"serviceShutdown","msg":"Acquiring the global lock for shutdown"}
{"t":{"$date":"2022-03-20T18:34:48.038+07:00"},"s":"I",  "c":"CONTROL",  "id":4784930, "ctx":"serviceShutdown","msg":"Shutting down the storage engine"}
{"t":{"$date":"2022-03-20T18:34:48.038+07:00"},"s":"I",  "c":"STORAGE",  "id":22320,   "ctx":"serviceShutdown","msg":"Shutting down journal flusher thread"}
{"t":{"$date":"2022-03-20T18:34:48.038+07:00"},"s":"I",  "c":"STORAGE",  "id":22321,   "ctx":"serviceShutdown","msg":"Finished shutting down journal flusher thread"}
{"t":{"$date":"2022-03-20T18:34:48.038+07:00"},"s":"I",  "c":"STORAGE",  "id":22322,   "ctx":"serviceShutdown","msg":"Shutting down checkpoint thread"}
{"t":{"$date":"2022-03-20T18:34:48.038+07:00"},"s":"I",  "c":"STORAGE",  "id":22323,   "ctx":"serviceShutdown","msg":"Finished shutting down checkpoint thread"}
{"t":{"$date":"2022-03-20T18:34:48.038+07:00"},"s":"I",  "c":"STORAGE",  "id":20282,   "ctx":"serviceShutdown","msg":"Deregistering all the collections"}
{"t":{"$date":"2022-03-20T18:34:48.038+07:00"},"s":"I",  "c":"STORAGE",  "id":22261,   "ctx":"serviceShutdown","msg":"Timestamp monitor shutting down"}
{"t":{"$date":"2022-03-20T18:34:48.039+07:00"},"s":"I",  "c":"STORAGE",  "id":22317,   "ctx":"serviceShutdown","msg":"WiredTigerKVEngine shutting down"}
{"t":{"$date":"2022-03-20T18:34:48.039+07:00"},"s":"I",  "c":"STORAGE",  "id":22318,   "ctx":"serviceShutdown","msg":"Shutting down session sweeper thread"}
{"t":{"$date":"2022-03-20T18:34:48.039+07:00"},"s":"I",  "c":"STORAGE",  "id":22319,   "ctx":"serviceShutdown","msg":"Finished shutting down session sweeper thread"}
{"t":{"$date":"2022-03-20T18:34:48.040+07:00"},"s":"I",  "c":"STORAGE",  "id":4795902, "ctx":"serviceShutdown","msg":"Closing WiredTiger","attr":{"closeConfig":"leak_memory=true,"}}
{"t":{"$date":"2022-03-20T18:34:48.042+07:00"},"s":"I",  "c":"STORAGE",  "id":22430,   "ctx":"serviceShutdown","msg":"WiredTiger message","attr":{"message":"[1647776088:42153][15744:140709073019248], close_ckpt: [WT_VERB_CHECKPOINT_PROGRESS] saving checkpoint snapshot min: 4, snapshot max: 4 snapshot count: 0, oldest timestamp: (0, 0) , meta checkpoint timestamp: (0, 0) base write gen: 94"}}
{"t":{"$date":"2022-03-20T18:34:48.092+07:00"},"s":"I",  "c":"STORAGE",  "id":4795901, "ctx":"serviceShutdown","msg":"WiredTiger closed","attr":{"durationMillis":52}}
{"t":{"$date":"2022-03-20T18:34:48.092+07:00"},"s":"I",  "c":"STORAGE",  "id":22281,   "ctx":"serviceShutdown","msg":"shutdown: removing fs lock..."}
{"t":{"$date":"2022-03-20T18:34:48.092+07:00"},"s":"I",  "c":"-",        "id":4784931, "ctx":"serviceShutdown","msg":"Dropping the scope cache for shutdown"}
{"t":{"$date":"2022-03-20T18:34:48.093+07:00"},"s":"I",  "c":"FTDC",     "id":4784926, "ctx":"serviceShutdown","msg":"Shutting down full-time data capture"}
{"t":{"$date":"2022-03-20T18:34:48.093+07:00"},"s":"I",  "c":"FTDC",     "id":20626,   "ctx":"serviceShutdown","msg":"Shutting down full-time diagnostic data capture"}
{"t":{"$date":"2022-03-20T18:34:48.097+07:00"},"s":"I",  "c":"CONTROL",  "id":20565,   "ctx":"serviceShutdown","msg":"Now exiting"}
